Build started 4/11/2014 5:35:41 PM.
     1>Project "E:\task3_1\task3_1(V1)\task3_1(V1).vcxproj" on node 2 (Build target(s)).
     1>ClCompile:
         C:\Program Files (x86)\Microsoft Visual Studio 12.0\VC\bin\CL.exe /c /ZI /nologo /W3 /WX- /sdl /Od /Oy- /D WIN32 /D _DEBUG /D _CONSOLE /D _LIB /D _UNICODE /D UNICODE /Gm /EHsc /RTC1 /MDd /GS /fp:precise /Zc:wchar_t /Zc:forScope /Yu"stdafx.h" /Fp"Debug\task3_1(V1).pch" /Fo"Debug\\" /Fd"Debug\vc120.pdb" /Gd /TP /analyze- /errorReport:prompt functions.cpp "task3_1(V1).cpp"
         task3_1(V1).cpp
     1>e:\task3_1\task3_1(v1)\task3_1(v1).cpp(14): warning C4651: '/D_CRT_SECURE_NO_WARNINGS' specified for precompiled header but not for current compile
         functions.cpp
     1>e:\task3_1\task3_1(v1)\functions.cpp(6): warning C4651: '/D_CRT_SECURE_NO_WARNINGS' specified for precompiled header but not for current compile
     1>e:\task3_1\task3_1(v1)\functions.cpp(100): error C2664: 'char *(char *,const char *)' : cannot convert argument 1 from 'const char *' to 'char *'
                 Conversion loses qualifiers
         Generating Code...
     1>Done Building Project "E:\task3_1\task3_1(V1)\task3_1(V1).vcxproj" (Build target(s)) -- FAILED.

Build FAILED.

Time Elapsed 00:00:01.77
